app/build/intermediates/manifest_merge_blame_file/debug/manifest-merger-blame-debug-report.txt
1<?xml version="1.0" encoding="utf-8"?>
2<manifest xmlns:android="http://schemas.android.com/apk/res/android"
3    package="ru.nhmt.authtestapp"
4    android:versionCode="1"
5    android:versionName="1.0" >
6
7    <uses-sdk
8        android:minSdkVersion="21"
8-->src\main\AndroidManifest.xml
9        android:targetSdkVersion="32" />
9-->src\main\AndroidManifest.xml
10
11    <uses-permission android:name="android.permission.INTERNET" />
11-->src\main\AndroidManifest.xml:5:5-67
11-->src\main\AndroidManifest.xml:5:22-64
12
13    <application
13-->src\main\AndroidManifest.xml:7:5-52:19
14        android:allowBackup="true"
14-->src\main\AndroidManifest.xml:8:9-35
15        android:appComponentFactory="androidx.core.app.CoreComponentFactory"
15-->[androidx.core:core:1.8.0] AndroidManifest.xml:24:18-86
16        android:dataExtractionRules="@xml/data_extraction_rules"
16-->src\main\AndroidManifest.xml:9:9-65
17        android:debuggable="true"
18        android:fullBackupContent="@xml/backup_rules"
18-->src\main\AndroidManifest.xml:10:9-54
19        android:icon="@mipmap/ic_launcher"
19-->src\main\AndroidManifest.xml:11:9-43
20        android:label="@string/app_name"
20-->src\main\AndroidManifest.xml:12:9-41
21        android:roundIcon="@mipmap/ic_launcher_round"
21-->src\main\AndroidManifest.xml:13:9-54
22        android:supportsRtl="true"
22-->src\main\AndroidManifest.xml:14:9-35
23        android:testOnly="true"
24        android:theme="@style/Theme.AuthTestApp"
24-->src\main\AndroidManifest.xml:15:9-49
25        android:usesCleartextTraffic="true" >
25-->src\main\AndroidManifest.xml:16:9-44
26
27        <!-- <activity -->
28        <!-- android:name=".MainActivity2" -->
29        <!-- android:exported="false"> -->
30        <!-- <meta-data -->
31        <!-- android:name="android.app.lib_name" -->
32        <!-- android:value="" /> -->
33        <!-- </activity> -->
34        <activity
34-->src\main\AndroidManifest.xml:25:9-31:20
35            android:name="ru.nhmt.authtestapp.ListActivity"
35-->src\main\AndroidManifest.xml:26:13-41
36            android:exported="false" >
36-->src\main\AndroidManifest.xml:27:13-37
37            <meta-data
37-->src\main\AndroidManifest.xml:28:13-30:36
38                android:name="android.app.lib_name"
38-->src\main\AndroidManifest.xml:29:17-52
39                android:value="" />
39-->src\main\AndroidManifest.xml:30:17-33
40        </activity>
41        <activity
41-->src\main\AndroidManifest.xml:32:9-44:20
42            android:name="ru.nhmt.authtestapp.MainActivity"
42-->src\main\AndroidManifest.xml:33:13-41
43            android:exported="true" >
43-->src\main\AndroidManifest.xml:34:13-36
44            <meta-data
44-->src\main\AndroidManifest.xml:28:13-30:36
45                android:name="android.app.lib_name"
45-->src\main\AndroidManifest.xml:29:17-52
46                android:value="" />
46-->src\main\AndroidManifest.xml:30:17-33
47
48            <intent-filter>
48-->src\main\AndroidManifest.xml:39:13-43:29
49                <action android:name="android.intent.action.MAIN" />
49-->src\main\AndroidManifest.xml:40:17-69
49-->src\main\AndroidManifest.xml:40:25-66
50
51                <category android:name="android.intent.category.LAUNCHER" />
51-->src\main\AndroidManifest.xml:42:17-77
51-->src\main\AndroidManifest.xml:42:27-74
52            </intent-filter>
53        </activity>
54        <activity
54-->src\main\AndroidManifest.xml:45:9-51:20
55            android:name="ru.nhmt.authtestapp.SignUpActivity"
55-->src\main\AndroidManifest.xml:46:13-43
56            android:exported="false" >
56-->src\main\AndroidManifest.xml:47:13-37
57            <meta-data
57-->src\main\AndroidManifest.xml:28:13-30:36
58                android:name="android.app.lib_name"
58-->src\main\AndroidManifest.xml:29:17-52
59                android:value="" />
59-->src\main\AndroidManifest.xml:30:17-33
60        </activity>
61
62        <provider
62-->[androidx.emoji2:emoji2:1.2.0] AndroidManifest.xml:24:9-32:20
63            android:name="androidx.startup.InitializationProvider"
63-->[androidx.emoji2:emoji2:1.2.0] AndroidManifest.xml:25:13-67
64            android:authorities="ru.nhmt.authtestapp.androidx-startup"
64-->[androidx.emoji2:emoji2:1.2.0] AndroidManifest.xml:26:13-68
65            android:exported="false" >
65-->[androidx.emoji2:emoji2:1.2.0] AndroidManifest.xml:27:13-37
66            <meta-data
66-->[androidx.emoji2:emoji2:1.2.0] AndroidManifest.xml:29:13-31:52
67                android:name="androidx.emoji2.text.EmojiCompatInitializer"
67-->[androidx.emoji2:emoji2:1.2.0] AndroidManifest.xml:30:17-75
68                android:value="androidx.startup" />
68-->[androidx.emoji2:emoji2:1.2.0] AndroidManifest.xml:31:17-49
69            <meta-data
69-->[androidx.lifecycle:lifecycle-process:2.4.1] AndroidManifest.xml:31:13-33:52
70                android:name="androidx.lifecycle.ProcessLifecycleInitializer"
70-->[androidx.lifecycle:lifecycle-process:2.4.1] AndroidManifest.xml:32:17-78
71                android:value="androidx.startup" />
71-->[androidx.lifecycle:lifecycle-process:2.4.1] AndroidManifest.xml:33:17-49
72        </provider>
73    </application>
74
75</manifest>